INFO:08/12/2021 08:22:04 AM Logging started
INFO:08/12/2021 08:22:04 AM  * Running on http://0.0.0.0:5000/ (Press CTRL+C to quit)
INFO:08/12/2021 08:22:08 AM Stats set, motivation = 3, ability = 3
INFO:08/12/2021 08:23:34 AM Received data from app: {'goal_level': '0', 'sessions': '0', 'name': 'Martin', 'ability': '7'}
INFO:08/12/2021 08:23:34 AM Chosen policy = 3
INFO:08/12/2021 08:23:34 AM Set session duration to: 1
INFO:08/12/2021 08:23:34 AM Created subgoal, new goal level = 0
INFO:08/12/2021 08:23:35 AM Formatting action: behaviour = 1, goal_level = 0, performance = None, name = Ben, shot = None, hand = None, stat = None
INFO:08/12/2021 08:23:35 AM Displaying action Hi , let's play squash!
INFO:08/12/2021 08:23:37 AM Created subgoal, new goal level = 1
INFO:08/12/2021 08:23:37 AM 192.168.1.24 - - [12/Aug/2021 08:23:37] "[37mPOST /cue HTTP/1.1[0m" 200 -
INFO:08/12/2021 08:23:37 AM Received data from app: {'goal_level': 1, 'performance': 3}
INFO:08/12/2021 08:23:38 AM Formatting action: behaviour = 17, goal_level = 1, performance = None, name = Ben, shot = 1, hand = FH, stat = None
INFO:08/12/2021 08:23:39 AM Displaying action In this session we're going to , we're going to do some solo practice exercises together. The drills will all be based around you're forehand drive. 
INFO:08/12/2021 08:23:46 AM Session time limit NOT reached, current duration = 0, session limit = 1.
INFO:08/12/2021 08:23:46 AM Created subgoal, new goal level = 2
INFO:08/12/2021 08:23:46 AM 192.168.1.24 - - [12/Aug/2021 08:23:46] "[37mPOST /cue HTTP/1.1[0m" 200 -
INFO:08/12/2021 08:23:46 AM Received data from app: {'goal_level': '2', 'stat': 'racketPreparation', 'performance': '', 'shotType': 'drive', 'initialScore': 'null', 'hand': 'forehand'}
INFO:08/12/2021 08:23:47 AM Session time limit NOT reached, current duration = 0, session limit = 1.
INFO:08/12/2021 08:23:48 AM Formatting action: behaviour = 4, goal_level = 2, performance = None, name = Ben, shot = 1, hand = FH, stat = None
INFO:08/12/2021 08:23:48 AM Displaying action This seems to be the first time we've looked at your forehand drive together 
INFO:08/12/2021 08:23:53 AM Session time limit NOT reached, current duration = 0, session limit = 1.
INFO:08/12/2021 08:23:53 AM Created subgoal, new goal level = 6
INFO:08/12/2021 08:23:53 AM 192.168.1.24 - - [12/Aug/2021 08:23:53] "[37mPOST /cue HTTP/1.1[0m" 200 -
INFO:08/12/2021 08:23:54 AM Formatting action: behaviour = 17, goal_level = 6, performance = None, name = Ben, shot = 1, hand = FH, stat = None
INFO:08/12/2021 08:23:54 AM Displaying action To start, play a set of 30 forehand drives please so I can have a look at your technique
INFO:08/12/2021 08:24:02 AM Session time limit NOT reached, current duration = 0, session limit = 1.
INFO:08/12/2021 08:24:03 AM Session time limit NOT reached, current duration = 0, session limit = 1.
INFO:08/12/2021 08:24:04 AM Session time limit NOT reached, current duration = 0, session limit = 1.
INFO:08/12/2021 08:24:05 AM Session time limit NOT reached, current duration = 0, session limit = 1.
INFO:08/12/2021 08:24:06 AM Session time limit NOT reached, current duration = 0, session limit = 1.
INFO:08/12/2021 08:24:07 AM Session time limit NOT reached, current duration = 0, session limit = 1.
INFO:08/12/2021 08:24:07 AM Received data from app: {'goal_level': '5', 'score': '1.0', 'performance': 'Over'}
INFO:08/12/2021 08:24:07 AM 192.168.1.24 - - [12/Aug/2021 08:24:07] "[37mPOST /cue HTTP/1.1[0m" 200 -
INFO:08/12/2021 08:24:08 AM Session time limit NOT reached, current duration = 0, session limit = 1.
INFO:08/12/2021 08:24:09 AM Session time limit NOT reached, current duration = 0, session limit = 1.
INFO:08/12/2021 08:24:10 AM Session time limit NOT reached, current duration = 0, session limit = 1.
INFO:08/12/2021 08:24:11 AM Session time limit NOT reached, current duration = 0, session limit = 1.
INFO:08/12/2021 08:24:12 AM Received data from app: {'goal_level': '5', 'score': '0.97628564', 'performance': 'Over'}
INFO:08/12/2021 08:24:12 AM 192.168.1.24 - - [12/Aug/2021 08:24:12] "[37mPOST /cue HTTP/1.1[0m" 200 -
INFO:08/12/2021 08:24:12 AM Session time limit NOT reached, current duration = 0, session limit = 1.
INFO:08/12/2021 08:24:13 AM Session time limit NOT reached, current duration = 0, session limit = 1.
INFO:08/12/2021 08:24:14 AM Received data from app: {'goal_level': '5', 'score': '0.6166175', 'performance': 'Low'}
INFO:08/12/2021 08:24:14 AM 192.168.1.24 - - [12/Aug/2021 08:24:14] "[37mPOST /cue HTTP/1.1[0m" 200 -
INFO:08/12/2021 08:24:14 AM Session time limit NOT reached, current duration = 0, session limit = 1.
INFO:08/12/2021 08:24:15 AM Session time limit NOT reached, current duration = 0, session limit = 1.
INFO:08/12/2021 08:24:16 AM Session time limit NOT reached, current duration = 0, session limit = 1.
INFO:08/12/2021 08:24:17 AM Session time limit NOT reached, current duration = 0, session limit = 1.
INFO:08/12/2021 08:24:18 AM Session time limit NOT reached, current duration = 0, session limit = 1.
INFO:08/12/2021 08:24:20 AM Session time limit NOT reached, current duration = 0, session limit = 1.
INFO:08/12/2021 08:24:21 AM Session time limit NOT reached, current duration = 0, session limit = 1.
INFO:08/12/2021 08:24:22 AM Session time limit NOT reached, current duration = 0, session limit = 1.
INFO:08/12/2021 08:24:22 AM Received data from app: {'goal_level': '5', 'score': '0.9841904', 'performance': 'Over'}
INFO:08/12/2021 08:24:22 AM 192.168.1.24 - - [12/Aug/2021 08:24:22] "[37mPOST /cue HTTP/1.1[0m" 200 -
INFO:08/12/2021 08:24:23 AM Session time limit NOT reached, current duration = 0, session limit = 1.
INFO:08/12/2021 08:24:24 AM Session time limit NOT reached, current duration = 0, session limit = 1.
INFO:08/12/2021 08:24:25 AM Session time limit NOT reached, current duration = 0, session limit = 1.
INFO:08/12/2021 08:24:26 AM Session time limit NOT reached, current duration = 0, session limit = 1.
INFO:08/12/2021 08:24:27 AM Session time limit NOT reached, current duration = 0, session limit = 1.
INFO:08/12/2021 08:24:27 AM Received data from app: {'goal_level': '5', 'score': '0.94071406', 'performance': 'Over'}
INFO:08/12/2021 08:24:27 AM 192.168.1.24 - - [12/Aug/2021 08:24:27] "[37mPOST /cue HTTP/1.1[0m" 200 -
INFO:08/12/2021 08:24:28 AM Session time limit NOT reached, current duration = 0, session limit = 1.
INFO:08/12/2021 08:24:29 AM Session time limit NOT reached, current duration = 0, session limit = 1.
INFO:08/12/2021 08:24:30 AM Session time limit NOT reached, current duration = 0, session limit = 1.
INFO:08/12/2021 08:24:30 AM Received data from app: {'goal_level': '5', 'score': '0.9723332', 'performance': 'Over'}
INFO:08/12/2021 08:24:30 AM 192.168.1.24 - - [12/Aug/2021 08:24:30] "[37mPOST /cue HTTP/1.1[0m" 200 -
INFO:08/12/2021 08:24:31 AM Session time limit NOT reached, current duration = 0, session limit = 1.
INFO:08/12/2021 08:24:32 AM Session time limit NOT reached, current duration = 0, session limit = 1.
INFO:08/12/2021 08:24:32 AM Received data from app: {'goal_level': '5', 'score': '0.84980893', 'performance': 'Good!'}
INFO:08/12/2021 08:24:32 AM 192.168.1.24 - - [12/Aug/2021 08:24:32] "[37mPOST /cue HTTP/1.1[0m" 200 -
INFO:08/12/2021 08:24:33 AM Session time limit NOT reached, current duration = 0, session limit = 1.
INFO:08/12/2021 08:24:34 AM Received data from app: {'goal_level': '5', 'score': '0.40714037', 'performance': 'Very Low'}
INFO:08/12/2021 08:24:34 AM 192.168.1.24 - - [12/Aug/2021 08:24:34] "[37mPOST /cue HTTP/1.1[0m" 200 -
INFO:08/12/2021 08:24:34 AM Session time limit NOT reached, current duration = 0, session limit = 1.
INFO:08/12/2021 08:24:35 AM Session time limit NOT reached, current duration = 0, session limit = 1.
INFO:08/12/2021 08:24:36 AM Received data from app: {'goal_level': '5', 'score': '0.52966475', 'performance': 'Low'}
INFO:08/12/2021 08:24:36 AM 192.168.1.24 - - [12/Aug/2021 08:24:36] "[37mPOST /cue HTTP/1.1[0m" 200 -
INFO:08/12/2021 08:24:36 AM Session time limit NOT reached, current duration = 0, session limit = 1.
INFO:08/12/2021 08:24:37 AM Received data from app: {'goal_level': '5', 'score': '0.64033186', 'performance': 'Under'}
INFO:08/12/2021 08:24:37 AM Session time limit NOT reached, current duration = 0, session limit = 1.
INFO:08/12/2021 08:24:37 AM 192.168.1.24 - - [12/Aug/2021 08:24:37] "[37mPOST /cue HTTP/1.1[0m" 200 -
INFO:08/12/2021 08:24:38 AM Session time limit NOT reached, current duration = 0, session limit = 1.
INFO:08/12/2021 08:24:39 AM Session time limit NOT reached, current duration = 0, session limit = 1.
INFO:08/12/2021 08:24:40 AM Session time limit NOT reached, current duration = 0, session limit = 1.
INFO:08/12/2021 08:24:41 AM Session time limit NOT reached, current duration = 0, session limit = 1.
INFO:08/12/2021 08:24:42 AM Received data from app: {'goal_level': '5', 'score': '1.0', 'performance': 'Over'}
INFO:08/12/2021 08:24:42 AM 192.168.1.24 - - [12/Aug/2021 08:24:42] "[37mPOST /cue HTTP/1.1[0m" 200 -
INFO:08/12/2021 08:24:42 AM Session time limit NOT reached, current duration = 0, session limit = 1.
INFO:08/12/2021 08:24:44 AM Session time limit NOT reached, current duration = 0, session limit = 1.
INFO:08/12/2021 08:24:44 AM Received data from app: {'goal_level': '5', 'score': '0.3952832', 'performance': 'Very Low'}
INFO:08/12/2021 08:24:44 AM 192.168.1.24 - - [12/Aug/2021 08:24:44] "[37mPOST /cue HTTP/1.1[0m" 200 -
INFO:08/12/2021 08:24:45 AM Session time limit NOT reached, current duration = 0, session limit = 1.
INFO:08/12/2021 08:24:46 AM Session time limit NOT reached, current duration = 0, session limit = 1.
INFO:08/12/2021 08:24:47 AM Session time limit NOT reached, current duration = 0, session limit = 1.
INFO:08/12/2021 08:24:48 AM Session time limit NOT reached, current duration = 0, session limit = 1.
INFO:08/12/2021 08:24:49 AM Session time limit NOT reached, current duration = 0, session limit = 1.
INFO:08/12/2021 08:24:49 AM Received data from app: {'goal_level': '5', 'score': '0.7944754', 'performance': 'Good!'}
INFO:08/12/2021 08:24:49 AM 192.168.1.24 - - [12/Aug/2021 08:24:49] "[37mPOST /cue HTTP/1.1[0m" 200 -
INFO:08/12/2021 08:24:50 AM Session time limit NOT reached, current duration = 0, session limit = 1.
INFO:08/12/2021 08:24:50 AM Received data from app: {'goal_level': '5', 'score': '0.68776065', 'performance': 'Under'}
INFO:08/12/2021 08:24:50 AM 192.168.1.24 - - [12/Aug/2021 08:24:50] "[37mPOST /cue HTTP/1.1[0m" 200 -
INFO:08/12/2021 08:24:51 AM Session time limit NOT reached, current duration = 0, session limit = 1.
INFO:08/12/2021 08:24:52 AM Session time limit NOT reached, current duration = 0, session limit = 1.
INFO:08/12/2021 08:24:52 AM Received data from app: {'goal_level': '5', 'score': '0.6679987', 'performance': 'Under'}
INFO:08/12/2021 08:24:52 AM 192.168.1.24 - - [12/Aug/2021 08:24:52] "[37mPOST /cue HTTP/1.1[0m" 200 -
INFO:08/12/2021 08:24:53 AM Session time limit NOT reached, current duration = 0, session limit = 1.
INFO:08/12/2021 08:24:54 AM Session time limit NOT reached, current duration = 0, session limit = 1.
INFO:08/12/2021 08:24:55 AM Session time limit NOT reached, current duration = 0, session limit = 1.
INFO:08/12/2021 08:24:56 AM Session time limit NOT reached, current duration = 0, session limit = 1.
INFO:08/12/2021 08:24:56 AM Received data from app: {'goal_level': '5', 'score': '0.9841904', 'performance': 'Over'}
INFO:08/12/2021 08:24:56 AM 192.168.1.24 - - [12/Aug/2021 08:24:56] "[37mPOST /cue HTTP/1.1[0m" 200 -
INFO:08/12/2021 08:24:57 AM Session time limit NOT reached, current duration = 0, session limit = 1.
INFO:08/12/2021 08:24:58 AM Received data from app: {'goal_level': '5', 'score': '0.45456916', 'performance': 'Low'}
INFO:08/12/2021 08:24:58 AM 192.168.1.24 - - [12/Aug/2021 08:24:58] "[37mPOST /cue HTTP/1.1[0m" 200 -
INFO:08/12/2021 08:24:58 AM Session time limit NOT reached, current duration = 0, session limit = 1.
INFO:08/12/2021 08:24:59 AM Session time limit NOT reached, current duration = 0, session limit = 1.
INFO:08/12/2021 08:25:00 AM Received data from app: {'goal_level': '5', 'score': '0.8774757', 'performance': 'Good!'}
INFO:08/12/2021 08:25:00 AM 192.168.1.24 - - [12/Aug/2021 08:25:00] "[37mPOST /cue HTTP/1.1[0m" 200 -
INFO:08/12/2021 08:25:00 AM Session time limit NOT reached, current duration = 0, session limit = 1.
INFO:08/12/2021 08:25:01 AM Session time limit NOT reached, current duration = 0, session limit = 1.
INFO:08/12/2021 08:25:02 AM Session time limit NOT reached, current duration = 0, session limit = 1.
INFO:08/12/2021 08:25:03 AM Session time limit NOT reached, current duration = 0, session limit = 1.
INFO:08/12/2021 08:25:04 AM Session time limit NOT reached, current duration = 0, session limit = 1.
INFO:08/12/2021 08:25:05 AM Session time limit NOT reached, current duration = 0, session limit = 1.
INFO:08/12/2021 08:25:06 AM Session time limit NOT reached, current duration = 0, session limit = 1.
INFO:08/12/2021 08:25:07 AM Session time limit NOT reached, current duration = 0, session limit = 1.
INFO:08/12/2021 08:25:09 AM Session time limit NOT reached, current duration = 0, session limit = 1.
INFO:08/12/2021 08:25:10 AM Session time limit NOT reached, current duration = 0, session limit = 1.
INFO:08/12/2021 08:25:10 AM Received data from app: {'goal_level': '5', 'score': '0.97628564', 'performance': 'Over'}
INFO:08/12/2021 08:25:10 AM 192.168.1.24 - - [12/Aug/2021 08:25:10] "[37mPOST /cue HTTP/1.1[0m" 200 -
INFO:08/12/2021 08:25:11 AM Session time limit NOT reached, current duration = 0, session limit = 1.
INFO:08/12/2021 08:25:11 AM Received data from app: {'goal_level': '5', 'score': '0.24113971', 'performance': 'Very Low'}
INFO:08/12/2021 08:25:11 AM 192.168.1.24 - - [12/Aug/2021 08:25:11] "[37mPOST /cue HTTP/1.1[0m" 200 -
INFO:08/12/2021 08:25:12 AM Session time limit NOT reached, current duration = 0, session limit = 1.
INFO:08/12/2021 08:25:13 AM Session time limit NOT reached, current duration = 0, session limit = 1.
INFO:08/12/2021 08:25:13 AM Received data from app: {'goal_level': '5', 'score': '0.16604416', 'performance': 'Very Low'}
INFO:08/12/2021 08:25:13 AM 192.168.1.24 - - [12/Aug/2021 08:25:13] "[37mPOST /cue HTTP/1.1[0m" 200 -
INFO:08/12/2021 08:25:14 AM Session time limit NOT reached, current duration = 0, session limit = 1.
INFO:08/12/2021 08:25:15 AM Received data from app: {'goal_level': '5', 'score': '0.90909487', 'performance': 'Good!'}
INFO:08/12/2021 08:25:15 AM Session time limit NOT reached, current duration = 0, session limit = 1.
INFO:08/12/2021 08:25:15 AM 192.168.1.24 - - [12/Aug/2021 08:25:15] "[37mPOST /cue HTTP/1.1[0m" 200 -
INFO:08/12/2021 08:25:16 AM Session time limit NOT reached, current duration = 0, session limit = 1.
INFO:08/12/2021 08:25:16 AM Received data from app: {'goal_level': '5', 'score': '0.18185376', 'performance': 'Very Low'}
INFO:08/12/2021 08:25:16 AM 192.168.1.24 - - [12/Aug/2021 08:25:16] "[37mPOST /cue HTTP/1.1[0m" 200 -
INFO:08/12/2021 08:25:17 AM Session time limit NOT reached, current duration = 0, session limit = 1.
INFO:08/12/2021 08:25:18 AM Session time limit NOT reached, current duration = 0, session limit = 1.
INFO:08/12/2021 08:25:18 AM Received data from app: {'goal_level': '5', 'score': '0.43875957', 'performance': 'Very Low'}
INFO:08/12/2021 08:25:18 AM 192.168.1.24 - - [12/Aug/2021 08:25:18] "[37mPOST /cue HTTP/1.1[0m" 200 -
INFO:08/12/2021 08:25:19 AM Session time limit NOT reached, current duration = 0, session limit = 1.
INFO:08/12/2021 08:25:20 AM Received data from app: {'goal_level': '5', 'score': '0.6087127', 'performance': 'Low'}
INFO:08/12/2021 08:25:20 AM 192.168.1.24 - - [12/Aug/2021 08:25:20] "[37mPOST /cue HTTP/1.1[0m" 200 -
INFO:08/12/2021 08:25:20 AM Session time limit NOT reached, current duration = 0, session limit = 1.
INFO:08/12/2021 08:25:21 AM Session time limit NOT reached, current duration = 0, session limit = 1.
INFO:08/12/2021 08:25:21 AM Received data from app: {'goal_level': '5', 'score': '0.6324271', 'performance': 'Low'}
INFO:08/12/2021 08:25:21 AM 192.168.1.24 - - [12/Aug/2021 08:25:21] "[37mPOST /cue HTTP/1.1[0m" 200 -
INFO:08/12/2021 08:25:22 AM Session time limit NOT reached, current duration = 0, session limit = 1.
INFO:08/12/2021 08:25:23 AM Session time limit NOT reached, current duration = 0, session limit = 1.
INFO:08/12/2021 08:25:24 AM Session time limit NOT reached, current duration = 0, session limit = 1.
INFO:08/12/2021 08:25:25 AM Session time limit NOT reached, current duration = 0, session limit = 1.
INFO:08/12/2021 08:25:26 AM Session time limit NOT reached, current duration = 0, session limit = 1.
INFO:08/12/2021 08:25:27 AM Session time limit NOT reached, current duration = 0, session limit = 1.
INFO:08/12/2021 08:25:28 AM Session time limit NOT reached, current duration = 0, session limit = 1.
INFO:08/12/2021 08:25:29 AM Session time limit NOT reached, current duration = 0, session limit = 1.
INFO:08/12/2021 08:25:29 AM Received data from app: {'goal_level': '5', 'score': '0.9881428', 'performance': 'Over'}
INFO:08/12/2021 08:25:29 AM 192.168.1.24 - - [12/Aug/2021 08:25:29] "[37mPOST /cue HTTP/1.1[0m" 200 -
INFO:08/12/2021 08:25:30 AM Session time limit NOT reached, current duration = 0, session limit = 1.
INFO:08/12/2021 08:25:31 AM Received data from app: {'goal_level': '5', 'score': '0.53361714', 'performance': 'Low'}
INFO:08/12/2021 08:25:31 AM 192.168.1.24 - - [12/Aug/2021 08:25:31] "[37mPOST /cue HTTP/1.1[0m" 200 -
INFO:08/12/2021 08:25:31 AM Session time limit NOT reached, current duration = 0, session limit = 1.
INFO:08/12/2021 08:25:32 AM Session time limit NOT reached, current duration = 0, session limit = 1.
INFO:08/12/2021 08:25:34 AM Session time limit NOT reached, current duration = 0, session limit = 1.
INFO:08/12/2021 08:25:35 AM Session time limit NOT reached, current duration = 0, session limit = 1.
INFO:08/12/2021 08:25:36 AM Session time limit NOT reached, current duration = 0, session limit = 1.
INFO:08/12/2021 08:25:37 AM Session time limit NOT reached, current duration = 0, session limit = 1.
INFO:08/12/2021 08:25:38 AM Session time limit NOT reached, current duration = 0, session limit = 1.
INFO:08/12/2021 08:25:39 AM Session time limit NOT reached, current duration = 0, session limit = 1.
INFO:08/12/2021 08:25:40 AM Session time limit NOT reached, current duration = 0, session limit = 1.
INFO:08/12/2021 08:25:41 AM Received data from app: {'goal_level': '5', 'score': '0.67195106', 'performance': 'Under'}
INFO:08/12/2021 08:25:41 AM 192.168.1.24 - - [12/Aug/2021 08:25:41] "[37mPOST /cue HTTP/1.1[0m" 200 -
INFO:08/12/2021 08:25:41 AM Session time limit NOT reached, current duration = 0, session limit = 1.
INFO:08/12/2021 08:25:42 AM Session time limit NOT reached, current duration = 0, session limit = 1.
INFO:08/12/2021 08:25:42 AM Received data from app: {'goal_level': '5', 'score': '0.2727589', 'performance': 'Very Low'}
INFO:08/12/2021 08:25:42 AM 192.168.1.24 - - [12/Aug/2021 08:25:42] "[37mPOST /cue HTTP/1.1[0m" 200 -
INFO:08/12/2021 08:25:43 AM Received data from app: {'goal_level': '4', 'score': '67%', 'performance': '', 'tgtValue': '84%'}
INFO:08/12/2021 08:25:43 AM 192.168.1.24 - - [12/Aug/2021 08:25:43] "[37mPOST /cue HTTP/1.1[0m" 200 -
INFO:08/12/2021 08:25:43 AM Received data from app: {'goal_level': '3', 'stat': 'Racket prep', 'performance': 'REGRESSED', 'tgtValue': '0.5330751'}
INFO:08/12/2021 08:25:43 AM Session time limit NOT reached, current duration = 0, session limit = 1.
INFO:08/12/2021 08:25:43 AM Stopping set: That's 30, you can stop there.
INFO:08/12/2021 08:25:45 AM Shot set completed.
INFO:08/12/2021 08:25:45 AM Ended subgoal 6. New goal level = 3.
INFO:08/12/2021 08:25:45 AM Created subgoal, new goal level = 3
INFO:08/12/2021 08:25:45 AM 192.168.1.24 - - [12/Aug/2021 08:25:45] "[37mPOST /cue HTTP/1.1[0m" 200 -
INFO:08/12/2021 08:25:45 AM Received data from app: {'goal_level': '5', 'score': '0.3952832', 'performance': 'Very Low'}
INFO:08/12/2021 08:25:45 AM Action goal not expected, not using data.
INFO:08/12/2021 08:25:45 AM 192.168.1.24 - - [12/Aug/2021 08:25:45] "[37mPOST /cue HTTP/1.1[0m" 200 -
INFO:08/12/2021 08:25:46 AM Received data from app: {'goal_level': '4'}
INFO:08/12/2021 08:25:46 AM Formatting action: behaviour = 18, goal_level = 3, performance = None, name = Ben, shot = None, hand = None, stat = racketPreparation
INFO:08/12/2021 08:25:46 AM Displaying action Today , we're going to play some drive's. I need you to remember to not let your racket preparation drop
INFO:08/12/2021 08:25:47 AM Created subgoal, new goal level = 4
INFO:08/12/2021 08:25:47 AM 192.168.1.24 - - [12/Aug/2021 08:25:47] "[37mPOST /cue HTTP/1.1[0m" 200 -
INFO:08/12/2021 08:25:48 AM Formatting action: behaviour = 7, goal_level = 4, performance = None, name = Ben, shot = 1, hand = FH, stat = racketPreparation
INFO:08/12/2021 08:25:48 AM Displaying action When we worked on your racket preparation before, how do you feel you got on? Touch the back of my hand of my hand for good or the top of my head if you think it still needs work.
INFO:08/12/2021 08:26:08 AM Session time limit NOT reached, current duration = 0, session limit = 1.
INFO:08/12/2021 08:26:09 AM Formatting action: behaviour = 1, goal_level = 4, performance = None, name = Ben, shot = 1, hand = FH, stat = racketPreparation
INFO:08/12/2021 08:26:09 AM Displaying action OK, clear your mind. Because I only want you to focus on one thing in this next set. I want you to start the swing with your racket above the ball. Play another 30 forehand drives please.
INFO:08/12/2021 08:26:21 AM Created subgoal, new goal level = 5
INFO:08/12/2021 08:26:22 AM Session time limit NOT reached, current duration = 0, session limit = 1.
INFO:08/12/2021 08:26:23 AM Session time limit NOT reached, current duration = 0, session limit = 1.
INFO:08/12/2021 08:26:24 AM Session time limit NOT reached, current duration = 0, session limit = 1.
INFO:08/12/2021 08:26:25 AM Session time limit NOT reached, current duration = 0, session limit = 1.
INFO:08/12/2021 08:26:26 AM Session time limit NOT reached, current duration = 0, session limit = 1.
INFO:08/12/2021 08:26:27 AM Session time limit NOT reached, current duration = 0, session limit = 1.
INFO:08/12/2021 08:26:29 AM Session time limit NOT reached, current duration = 0, session limit = 1.
INFO:08/12/2021 08:26:30 AM Session time limit NOT reached, current duration = 0, session limit = 1.
INFO:08/12/2021 08:26:31 AM Session time limit NOT reached, current duration = 0, session limit = 1.
INFO:08/12/2021 08:26:31 AM Received data from app: {'goal_level': '5', 'score': '0.92490447', 'performance': 'Good!'}
INFO:08/12/2021 08:26:31 AM 192.168.1.24 - - [12/Aug/2021 08:26:31] "[37mPOST /cue HTTP/1.1[0m" 200 -
INFO:08/12/2021 08:26:32 AM Session time limit NOT reached, current duration = 0, session limit = 1.
INFO:08/12/2021 08:26:32 AM Formatting action: behaviour = 12, goal_level = 5, performance = None, name = Ben, shot = 1, hand = FH, stat = racketPreparation
INFO:08/12/2021 08:26:32 AM Displaying action Nice  
INFO:08/12/2021 08:26:33 AM Ended subgoal 5. New goal level = 4.
INFO:08/12/2021 08:26:34 AM Session time limit NOT reached, current duration = 0, session limit = 1.
INFO:08/12/2021 08:26:34 AM Created subgoal, new goal level = 5
INFO:08/12/2021 08:26:35 AM Received data from app: {'goal_level': '5', 'score': '0.9841904', 'performance': 'Over'}
INFO:08/12/2021 08:26:35 AM 192.168.1.24 - - [12/Aug/2021 08:26:35] "[37mPOST /cue HTTP/1.1[0m" 200 -
INFO:08/12/2021 08:26:35 AM Session time limit NOT reached, current duration = 0, session limit = 1.
INFO:08/12/2021 08:26:36 AM Formatting action: behaviour = 12, goal_level = 5, performance = None, name = Ben, shot = 1, hand = FH, stat = racketPreparation
INFO:08/12/2021 08:26:36 AM Displaying action Nice shot.  
INFO:08/12/2021 08:26:37 AM Received data from app: {'goal_level': '5', 'score': '0.91304725', 'performance': 'Good!'}
INFO:08/12/2021 08:26:37 AM 192.168.1.24 - - [12/Aug/2021 08:26:37] "[37mPOST /cue HTTP/1.1[0m" 200 -
INFO:08/12/2021 08:26:37 AM Ended subgoal 5. New goal level = 4.
INFO:08/12/2021 08:26:38 AM Session time limit NOT reached, current duration = 0, session limit = 1.
INFO:08/12/2021 08:26:38 AM Created subgoal, new goal level = 5
INFO:08/12/2021 08:26:39 AM Formatting action: behaviour = 7, goal_level = 5, performance = None, name = Ben, shot = 1, hand = FH, stat = racketPreparation
INFO:08/12/2021 08:26:39 AM Displaying action Where was the racket prep? 
INFO:08/12/2021 08:26:41 AM Ended subgoal 5. New goal level = 4.
INFO:08/12/2021 08:26:41 AM Received data from app: {'goal_level': '5', 'score': '0.9683808', 'performance': 'Over'}
INFO:08/12/2021 08:26:41 AM 192.168.1.24 - - [12/Aug/2021 08:26:41] "[37mPOST /cue HTTP/1.1[0m" 200 -
INFO:08/12/2021 08:26:42 AM Session time limit NOT reached, current duration = 0, session limit = 1.
INFO:08/12/2021 08:26:42 AM Created subgoal, new goal level = 5
INFO:08/12/2021 08:26:42 AM Formatting action: behaviour = 12, goal_level = 5, performance = None, name = Ben, shot = 1, hand = FH, stat = racketPreparation
INFO:08/12/2021 08:26:43 AM Displaying action Top work  
INFO:08/12/2021 08:26:44 AM Ended subgoal 5. New goal level = 4.
INFO:08/12/2021 08:26:45 AM Session time limit NOT reached, current duration = 0, session limit = 1.
INFO:08/12/2021 08:26:45 AM Created subgoal, new goal level = 5
INFO:08/12/2021 08:26:46 AM Session time limit NOT reached, current duration = 0, session limit = 1.
INFO:08/12/2021 08:26:47 AM Session time limit NOT reached, current duration = 0, session limit = 1.
INFO:08/12/2021 08:26:48 AM Session time limit NOT reached, current duration = 0, session limit = 1.
INFO:08/12/2021 08:26:49 AM Session time limit NOT reached, current duration = 0, session limit = 1.
INFO:08/12/2021 08:26:50 AM Session time limit NOT reached, current duration = 0, session limit = 1.
INFO:08/12/2021 08:26:51 AM Session time limit NOT reached, current duration = 0, session limit = 1.
INFO:08/12/2021 08:26:52 AM Session time limit NOT reached, current duration = 0, session limit = 1.
INFO:08/12/2021 08:26:53 AM Session time limit NOT reached, current duration = 0, session limit = 1.
INFO:08/12/2021 08:26:54 AM Session time limit NOT reached, current duration = 0, session limit = 1.
INFO:08/12/2021 08:26:55 AM Received data from app: {'goal_level': '5', 'score': '0.95652366', 'performance': 'Over'}
INFO:08/12/2021 08:26:55 AM 192.168.1.24 - - [12/Aug/2021 08:26:55] "[37mPOST /cue HTTP/1.1[0m" 200 -
INFO:08/12/2021 08:26:55 AM Session time limit NOT reached, current duration = 0, session limit = 1.
INFO:08/12/2021 08:26:56 AM Formatting action: behaviour = 68, goal_level = 5, performance = None, name = Ben, shot = 1, hand = FH, stat = racketPreparation
INFO:08/12/2021 08:26:56 AM Ended subgoal 5. New goal level = 4.
INFO:08/12/2021 08:26:56 AM Received data from app: {'goal_level': '5', 'score': '0.77076095', 'performance': 'Good!'}
INFO:08/12/2021 08:26:56 AM 192.168.1.24 - - [12/Aug/2021 08:26:56] "[37mPOST /cue HTTP/1.1[0m" 200 -
INFO:08/12/2021 08:26:57 AM Session time limit NOT reached, current duration = 0, session limit = 1.
INFO:08/12/2021 08:26:57 AM Created subgoal, new goal level = 5
INFO:08/12/2021 08:26:57 AM Formatting action: behaviour = 12, goal_level = 5, performance = None, name = Ben, shot = 1, hand = FH, stat = racketPreparation
INFO:08/12/2021 08:26:58 AM Displaying action Good  
INFO:08/12/2021 08:26:58 AM Received data from app: {'goal_level': '5', 'score': '0.18975855', 'performance': 'Very Low'}
INFO:08/12/2021 08:26:58 AM 192.168.1.24 - - [12/Aug/2021 08:26:58] "[37mPOST /cue HTTP/1.1[0m" 200 -
INFO:08/12/2021 08:26:58 AM Ended subgoal 5. New goal level = 4.
INFO:08/12/2021 08:26:59 AM Session time limit NOT reached, current duration = 0, session limit = 1.
INFO:08/12/2021 08:26:59 AM Created subgoal, new goal level = 5
INFO:08/12/2021 08:27:00 AM Formatting action: behaviour = 68, goal_level = 5, performance = None, name = Ben, shot = 1, hand = FH, stat = racketPreparation
INFO:08/12/2021 08:27:00 AM Ended subgoal 5. New goal level = 4.
INFO:08/12/2021 08:27:01 AM Session time limit NOT reached, current duration = 0, session limit = 1.
INFO:08/12/2021 08:27:01 AM Created subgoal, new goal level = 5
INFO:08/12/2021 08:27:02 AM Session time limit NOT reached, current duration = 0, session limit = 1.
INFO:08/12/2021 08:27:03 AM Session time limit NOT reached, current duration = 0, session limit = 1.
INFO:08/12/2021 08:27:04 AM Session time limit NOT reached, current duration = 0, session limit = 1.
INFO:08/12/2021 08:27:05 AM Session time limit NOT reached, current duration = 0, session limit = 1.
INFO:08/12/2021 08:27:06 AM Received data from app: {'goal_level': '5', 'score': '0.8616661', 'performance': 'Good!'}
INFO:08/12/2021 08:27:06 AM 192.168.1.24 - - [12/Aug/2021 08:27:06] "[37mPOST /cue HTTP/1.1[0m" 200 -
INFO:08/12/2021 08:27:06 AM Session time limit NOT reached, current duration = 0, session limit = 1.
INFO:08/12/2021 08:27:07 AM Formatting action: behaviour = 12, goal_level = 5, performance = None, name = Ben, shot = 1, hand = FH, stat = racketPreparation
INFO:08/12/2021 08:27:07 AM Displaying action Top work  
INFO:08/12/2021 08:27:07 AM Received data from app: {'goal_level': '5', 'score': '0.6996178', 'performance': 'Under'}
INFO:08/12/2021 08:27:07 AM 192.168.1.24 - - [12/Aug/2021 08:27:07] "[37mPOST /cue HTTP/1.1[0m" 200 -
INFO:08/12/2021 08:27:08 AM Ended subgoal 5. New goal level = 4.
INFO:08/12/2021 08:27:09 AM Received data from app: {'goal_level': '5', 'score': '0.80238014', 'performance': 'Good!'}
INFO:08/12/2021 08:27:09 AM 192.168.1.24 - - [12/Aug/2021 08:27:09] "[37mPOST /cue HTTP/1.1[0m" 200 -
INFO:08/12/2021 08:27:09 AM Session time limit NOT reached, current duration = 0, session limit = 1.
INFO:08/12/2021 08:27:09 AM Created subgoal, new goal level = 5
INFO:08/12/2021 08:27:10 AM Formatting action: behaviour = 7, goal_level = 5, performance = None, name = Ben, shot = 1, hand = FH, stat = racketPreparation
INFO:08/12/2021 08:27:10 AM Displaying action Where was the racket prep? 
INFO:08/12/2021 08:27:10 AM Received data from app: {'goal_level': '5', 'score': '0.8656185', 'performance': 'Good!'}
INFO:08/12/2021 08:27:10 AM 192.168.1.24 - - [12/Aug/2021 08:27:10] "[37mPOST /cue HTTP/1.1[0m" 200 -
INFO:08/12/2021 08:27:12 AM Ended subgoal 5. New goal level = 4.
INFO:08/12/2021 08:27:12 AM Received data from app: {'goal_level': '5', 'score': '0.8656185', 'performance': 'Good!'}
INFO:08/12/2021 08:27:12 AM 192.168.1.24 - - [12/Aug/2021 08:27:12] "[37mPOST /cue HTTP/1.1[0m" 200 -
INFO:08/12/2021 08:27:13 AM Session time limit NOT reached, current duration = 0, session limit = 1.
INFO:08/12/2021 08:27:13 AM Created subgoal, new goal level = 5
INFO:08/12/2021 08:27:13 AM Formatting action: behaviour = 68, goal_level = 5, performance = None, name = Ben, shot = 1, hand = FH, stat = racketPreparation
INFO:08/12/2021 08:27:13 AM Ended subgoal 5. New goal level = 4.
INFO:08/12/2021 08:27:14 AM Received data from app: {'goal_level': '5', 'score': '0.6087127', 'performance': 'Low'}
INFO:08/12/2021 08:27:14 AM 192.168.1.24 - - [12/Aug/2021 08:27:14] "[37mPOST /cue HTTP/1.1[0m" 200 -
INFO:08/12/2021 08:27:14 AM Session time limit NOT reached, current duration = 0, session limit = 1.
INFO:08/12/2021 08:27:14 AM Created subgoal, new goal level = 5
INFO:08/12/2021 08:27:15 AM Formatting action: behaviour = 68, goal_level = 5, performance = None, name = Ben, shot = 1, hand = FH, stat = racketPreparation
INFO:08/12/2021 08:27:15 AM Ended subgoal 5. New goal level = 4.
INFO:08/12/2021 08:27:16 AM Received data from app: {'goal_level': '5', 'score': '0.7470466', 'performance': 'Good!'}
INFO:08/12/2021 08:27:16 AM 192.168.1.24 - - [12/Aug/2021 08:27:16] "[37mPOST /cue HTTP/1.1[0m" 200 -
INFO:08/12/2021 08:27:16 AM Session time limit NOT reached, current duration = 0, session limit = 1.
INFO:08/12/2021 08:27:16 AM Created subgoal, new goal level = 5
INFO:08/12/2021 08:27:16 AM Formatting action: behaviour = 68, goal_level = 5, performance = None, name = Ben, shot = 1, hand = FH, stat = racketPreparation
INFO:08/12/2021 08:27:16 AM Ended subgoal 5. New goal level = 4.
INFO:08/12/2021 08:27:17 AM Session time limit NOT reached, current duration = 0, session limit = 1.
INFO:08/12/2021 08:27:17 AM Created subgoal, new goal level = 5
INFO:08/12/2021 08:27:19 AM Session time limit NOT reached, current duration = 0, session limit = 1.
INFO:08/12/2021 08:27:20 AM Session time limit NOT reached, current duration = 0, session limit = 1.
INFO:08/12/2021 08:27:20 AM Received data from app: {'goal_level': '5', 'score': '0.7351894', 'performance': 'Under'}
INFO:08/12/2021 08:27:20 AM 192.168.1.24 - - [12/Aug/2021 08:27:20] "[37mPOST /cue HTTP/1.1[0m" 200 -
INFO:08/12/2021 08:27:21 AM Session time limit NOT reached, current duration = 0, session limit = 1.
INFO:08/12/2021 08:27:21 AM Formatting action: behaviour = 7, goal_level = 5, performance = None, name = Ben, shot = 1, hand = FH, stat = racketPreparation
INFO:08/12/2021 08:27:21 AM Received data from app: {'goal_level': '5', 'score': '0.980238', 'performance': 'Over'}
INFO:08/12/2021 08:27:21 AM 192.168.1.24 - - [12/Aug/2021 08:27:21] "[37mPOST /cue HTTP/1.1[0m" 200 -
INFO:08/12/2021 08:27:21 AM Displaying action How high was your racket? 
INFO:08/12/2021 08:27:23 AM Ended subgoal 5. New goal level = 4.
INFO:08/12/2021 08:27:24 AM Session time limit NOT reached, current duration = 0, session limit = 1.
INFO:08/12/2021 08:27:24 AM Created subgoal, new goal level = 5
INFO:08/12/2021 08:27:25 AM Formatting action: behaviour = 68, goal_level = 5, performance = None, name = Ben, shot = 1, hand = FH, stat = racketPreparation
INFO:08/12/2021 08:27:25 AM Ended subgoal 5. New goal level = 4.
INFO:08/12/2021 08:27:26 AM Session time limit NOT reached, current duration = 0, session limit = 1.
INFO:08/12/2021 08:27:26 AM Created subgoal, new goal level = 5
INFO:08/12/2021 08:27:26 AM Received data from app: {'goal_level': '5', 'score': '0.8932853', 'performance': 'Good!'}
INFO:08/12/2021 08:27:26 AM 192.168.1.24 - - [12/Aug/2021 08:27:26] "[37mPOST /cue HTTP/1.1[0m" 200 -
INFO:08/12/2021 08:27:27 AM Session time limit NOT reached, current duration = 0, session limit = 1.
INFO:08/12/2021 08:27:28 AM Formatting action: behaviour = 68, goal_level = 5, performance = None, name = Ben, shot = 1, hand = FH, stat = racketPreparation
INFO:08/12/2021 08:27:28 AM Ended subgoal 5. New goal level = 4.
INFO:08/12/2021 08:27:28 AM Received data from app: {'goal_level': '5', 'score': '0.9644284', 'performance': 'Over'}
INFO:08/12/2021 08:27:28 AM 192.168.1.24 - - [12/Aug/2021 08:27:28] "[37mPOST /cue HTTP/1.1[0m" 200 -
INFO:08/12/2021 08:27:29 AM Session time limit NOT reached, current duration = 0, session limit = 1.
INFO:08/12/2021 08:27:29 AM Created subgoal, new goal level = 5
INFO:08/12/2021 08:27:29 AM Formatting action: behaviour = 68, goal_level = 5, performance = None, name = Ben, shot = 1, hand = FH, stat = racketPreparation
INFO:08/12/2021 08:27:29 AM Ended subgoal 5. New goal level = 4.
INFO:08/12/2021 08:27:29 AM Received data from app: {'goal_level': '5', 'score': '0.62847465', 'performance': 'Low'}
INFO:08/12/2021 08:27:29 AM 192.168.1.24 - - [12/Aug/2021 08:27:29] "[37mPOST /cue HTTP/1.1[0m" 200 -
INFO:08/12/2021 08:27:30 AM Session time limit NOT reached, current duration = 0, session limit = 1.
INFO:08/12/2021 08:27:30 AM Created subgoal, new goal level = 5
INFO:08/12/2021 08:27:31 AM Received data from app: {'goal_level': '5', 'score': '0.53361714', 'performance': 'Low'}
INFO:08/12/2021 08:27:31 AM 192.168.1.24 - - [12/Aug/2021 08:27:31] "[37mPOST /cue HTTP/1.1[0m" 200 -
INFO:08/12/2021 08:27:31 AM Formatting action: behaviour = 68, goal_level = 5, performance = None, name = Ben, shot = 1, hand = FH, stat = racketPreparation
INFO:08/12/2021 08:27:31 AM Ended subgoal 5. New goal level = 4.
INFO:08/12/2021 08:27:32 AM Session time limit NOT reached, current duration = 0, session limit = 1.
INFO:08/12/2021 08:27:32 AM Created subgoal, new goal level = 5
INFO:08/12/2021 08:27:32 AM Formatting action: behaviour = 68, goal_level = 5, performance = None, name = Ben, shot = 1, hand = FH, stat = racketPreparation
INFO:08/12/2021 08:27:32 AM Ended subgoal 5. New goal level = 4.
INFO:08/12/2021 08:27:33 AM Session time limit NOT reached, current duration = 0, session limit = 1.
INFO:08/12/2021 08:27:33 AM Created subgoal, new goal level = 5
INFO:08/12/2021 08:27:34 AM Received data from app: {'goal_level': '5', 'score': '0.93280923', 'performance': 'Good!'}
INFO:08/12/2021 08:27:34 AM 192.168.1.24 - - [12/Aug/2021 08:27:34] "[37mPOST /cue HTTP/1.1[0m" 200 -
INFO:08/12/2021 08:27:34 AM Session time limit NOT reached, current duration = 0, session limit = 1.
INFO:08/12/2021 08:27:35 AM Formatting action: behaviour = 68, goal_level = 5, performance = None, name = Ben, shot = 1, hand = FH, stat = racketPreparation
INFO:08/12/2021 08:27:35 AM Ended subgoal 5. New goal level = 4.
INFO:08/12/2021 08:27:36 AM Session time limit NOT reached, current duration = 0, session limit = 1.
INFO:08/12/2021 08:27:36 AM Created subgoal, new goal level = 5
INFO:08/12/2021 08:27:37 AM Session time limit NOT reached, current duration = 0, session limit = 1.
INFO:08/12/2021 08:27:38 AM Session time limit NOT reached, current duration = 0, session limit = 1.
INFO:08/12/2021 08:27:39 AM Received data from app: {'goal_level': '5', 'score': '1.0', 'performance': 'Over'}
INFO:08/12/2021 08:27:39 AM 192.168.1.24 - - [12/Aug/2021 08:27:39] "[37mPOST /cue HTTP/1.1[0m" 200 -
INFO:08/12/2021 08:27:39 AM Session time limit NOT reached, current duration = 0, session limit = 1.
INFO:08/12/2021 08:27:40 AM Formatting action: behaviour = 12, goal_level = 5, performance = None, name = Ben, shot = 1, hand = FH, stat = racketPreparation
INFO:08/12/2021 08:27:40 AM Displaying action Good  
INFO:08/12/2021 08:27:41 AM Ended subgoal 5. New goal level = 4.
INFO:08/12/2021 08:27:42 AM Session time limit NOT reached, current duration = 0, session limit = 1.
INFO:08/12/2021 08:27:42 AM Created subgoal, new goal level = 5
INFO:08/12/2021 08:27:43 AM Session time limit NOT reached, current duration = 0, session limit = 1.
INFO:08/12/2021 08:27:43 AM Received data from app: {'goal_level': '5', 'score': '0.94466645', 'performance': 'Over'}
INFO:08/12/2021 08:27:43 AM 192.168.1.24 - - [12/Aug/2021 08:27:43] "[37mPOST /cue HTTP/1.1[0m" 200 -
INFO:08/12/2021 08:27:44 AM Session time limit NOT reached, current duration = 0, session limit = 1.
INFO:08/12/2021 08:27:44 AM Formatting action: behaviour = 68, goal_level = 5, performance = None, name = Ben, shot = 1, hand = FH, stat = racketPreparation
INFO:08/12/2021 08:27:44 AM Ended subgoal 5. New goal level = 4.
INFO:08/12/2021 08:27:45 AM Received data from app: {'goal_level': '5', 'score': '0.9525712', 'performance': 'Over'}
INFO:08/12/2021 08:27:45 AM 192.168.1.24 - - [12/Aug/2021 08:27:45] "[37mPOST /cue HTTP/1.1[0m" 200 -
INFO:08/12/2021 08:27:45 AM Session time limit NOT reached, current duration = 0, session limit = 1.
INFO:08/12/2021 08:27:45 AM Created subgoal, new goal level = 5
INFO:08/12/2021 08:27:46 AM Formatting action: behaviour = 2, goal_level = 5, performance = None, name = Ben, shot = 1, hand = FH, stat = racketPreparation
INFO:08/12/2021 08:27:46 AM Displaying action Racket above the ball  
INFO:08/12/2021 08:27:46 AM Received data from app: {'goal_level': '5', 'score': '0.8656185', 'performance': 'Good!'}
INFO:08/12/2021 08:27:46 AM 192.168.1.24 - - [12/Aug/2021 08:27:46] "[37mPOST /cue HTTP/1.1[0m" 200 -
INFO:08/12/2021 08:27:48 AM Ended subgoal 5. New goal level = 4.
INFO:08/12/2021 08:27:48 AM Received data from app: {'goal_level': '5', 'score': '0.93280923', 'performance': 'Good!'}
INFO:08/12/2021 08:27:48 AM 192.168.1.24 - - [12/Aug/2021 08:27:48] "[37mPOST /cue HTTP/1.1[0m" 200 -
INFO:08/12/2021 08:27:49 AM Session time limit NOT reached, current duration = 0, session limit = 1.
INFO:08/12/2021 08:27:49 AM Created subgoal, new goal level = 5
INFO:08/12/2021 08:27:49 AM Formatting action: behaviour = 12, goal_level = 5, performance = None, name = Ben, shot = 1, hand = FH, stat = racketPreparation
INFO:08/12/2021 08:27:49 AM Displaying action Nice  
INFO:08/12/2021 08:27:49 AM Received data from app: {'goal_level': '5', 'score': '0.8616661', 'performance': 'Good!'}
INFO:08/12/2021 08:27:49 AM 192.168.1.24 - - [12/Aug/2021 08:27:49] "[37mPOST /cue HTTP/1.1[0m" 200 -
INFO:08/12/2021 08:27:50 AM Ended subgoal 5. New goal level = 4.
INFO:08/12/2021 08:27:51 AM Received data from app: {'goal_level': '5', 'score': '0.83004695', 'performance': 'Good!'}
INFO:08/12/2021 08:27:51 AM 192.168.1.24 - - [12/Aug/2021 08:27:51] "[37mPOST /cue HTTP/1.1[0m" 200 -
INFO:08/12/2021 08:27:51 AM Session time limit NOT reached, current duration = 0, session limit = 1.
INFO:08/12/2021 08:27:51 AM Created subgoal, new goal level = 5
INFO:08/12/2021 08:27:52 AM Formatting action: behaviour = 68, goal_level = 5, performance = None, name = Ben, shot = 1, hand = FH, stat = racketPreparation
INFO:08/12/2021 08:27:52 AM Ended subgoal 5. New goal level = 4.
INFO:08/12/2021 08:27:53 AM Session time limit NOT reached, current duration = 0, session limit = 1.
INFO:08/12/2021 08:27:53 AM Created subgoal, new goal level = 5
INFO:08/12/2021 08:27:53 AM Received data from app: {'goal_level': '5', 'score': '0.9644284', 'performance': 'Over'}
INFO:08/12/2021 08:27:53 AM 192.168.1.24 - - [12/Aug/2021 08:27:53] "[37mPOST /cue HTTP/1.1[0m" 200 -
INFO:08/12/2021 08:27:54 AM Session time limit NOT reached, current duration = 0, session limit = 1.
INFO:08/12/2021 08:27:55 AM Formatting action: behaviour = 68, goal_level = 5, performance = None, name = Ben, shot = 1, hand = FH, stat = racketPreparation
INFO:08/12/2021 08:27:55 AM Ended subgoal 5. New goal level = 4.
INFO:08/12/2021 08:27:55 AM Received data from app: {'goal_level': '5', 'score': '0.8537613', 'performance': 'Good!'}
INFO:08/12/2021 08:27:55 AM 192.168.1.24 - - [12/Aug/2021 08:27:55] "[37mPOST /cue HTTP/1.1[0m" 200 -
INFO:08/12/2021 08:27:55 AM Received data from app: {'goal_level': '4', 'score': '85%', 'performance': '0', 'tgtValue': '84%'}
INFO:08/12/2021 08:27:56 AM Session time limit NOT reached, current duration = 0, session limit = 1.
INFO:08/12/2021 08:27:56 AM Stopping set: That's 30, you can stop there.
INFO:08/12/2021 08:27:56 AM 192.168.1.24 - - [12/Aug/2021 08:27:56] "[37mPOST /cue HTTP/1.1[0m" 200 -
INFO:08/12/2021 08:27:56 AM Received data from app: {'goal_level': '4'}
INFO:08/12/2021 08:27:58 AM Shot set completed.
INFO:08/12/2021 08:27:58 AM 192.168.1.24 - - [12/Aug/2021 08:27:58] "[37mPOST /cue HTTP/1.1[0m" 200 -
INFO:08/12/2021 08:27:58 AM Received data from app: {'goal_level': '5', 'score': '0.88142806', 'performance': 'Good!'}
INFO:08/12/2021 08:27:58 AM Action goal not expected, not using data.
INFO:08/12/2021 08:27:58 AM 192.168.1.24 - - [12/Aug/2021 08:27:58] "[37mPOST /cue HTTP/1.1[0m" 200 -
INFO:08/12/2021 08:27:58 AM Received data from app: {'goal_level': '5', 'score': '0.6482367', 'performance': 'Under'}
INFO:08/12/2021 08:27:58 AM Action goal not expected, not using data.
INFO:08/12/2021 08:27:58 AM 192.168.1.24 - - [12/Aug/2021 08:27:58] "[37mPOST /cue HTTP/1.1[0m" 200 -
INFO:08/12/2021 08:28:00 AM Received data from app: {'goal_level': '5', 'score': '0.92490447', 'performance': 'Good!'}
INFO:08/12/2021 08:28:00 AM Action goal not expected, not using data.
INFO:08/12/2021 08:28:00 AM 192.168.1.24 - - [12/Aug/2021 08:28:00] "[37mPOST /cue HTTP/1.1[0m" 200 -
INFO:08/12/2021 08:28:56 AM Logging started
INFO:08/12/2021 08:28:56 AM  * Running on http://0.0.0.0:5000/ (Press CTRL+C to quit)
INFO:08/12/2021 08:29:00 AM Stats set, motivation = 3, ability = 3
INFO:08/12/2021 08:29:16 AM Received data from app: {'goal_level': '0', 'sessions': '0', 'name': 'Martin', 'ability': '7'}
INFO:08/12/2021 08:29:17 AM Chosen policy = 3
INFO:08/12/2021 08:29:17 AM Set session duration to: 1
INFO:08/12/2021 08:29:17 AM Created subgoal, new goal level = 0
INFO:08/12/2021 08:29:17 AM Formatting action: behaviour = 1, goal_level = 0, performance = None, name = Ben, shot = None, hand = None, stat = None
INFO:08/12/2021 08:29:17 AM Displaying action Hi , let's play squash!
INFO:08/12/2021 08:29:19 AM Created subgoal, new goal level = 1
INFO:08/12/2021 08:29:19 AM 192.168.1.24 - - [12/Aug/2021 08:29:19] "[37mPOST /cue HTTP/1.1[0m" 200 -
INFO:08/12/2021 08:29:21 AM Received data from app: {'goal_level': 1, 'performance': 3}
INFO:08/12/2021 08:29:22 AM Formatting action: behaviour = 17, goal_level = 1, performance = None, name = Ben, shot = 1, hand = FH, stat = None
INFO:08/12/2021 08:29:22 AM Displaying action Today , I'm going to coach you through a solo practice session. We'll work on your forehand drive. 
INFO:08/12/2021 08:29:29 AM Session time limit NOT reached, current duration = 0, session limit = 1.
INFO:08/12/2021 08:29:29 AM Created subgoal, new goal level = 2
INFO:08/12/2021 08:29:29 AM 192.168.1.24 - - [12/Aug/2021 08:29:29] "[37mPOST /cue HTTP/1.1[0m" 200 -
INFO:08/12/2021 08:29:29 AM Received data from app: {'goal_level': '2', 'stat': 'racketPreparation', 'performance': '', 'shotType': 'drive', 'initialScore': 'null', 'hand': 'forehand'}
INFO:08/12/2021 08:29:30 AM Session time limit NOT reached, current duration = 0, session limit = 1.
INFO:08/12/2021 08:29:31 AM Created subgoal, new goal level = 6
INFO:08/12/2021 08:29:31 AM 192.168.1.24 - - [12/Aug/2021 08:29:31] "[37mPOST /cue HTTP/1.1[0m" 200 -
INFO:08/12/2021 08:29:31 AM Formatting action: behaviour = 17, goal_level = 6, performance = None, name = Ben, shot = 1, hand = FH, stat = None
INFO:08/12/2021 08:29:31 AM Displaying action To get going, please hit 30 forehand drives. I'll watch and let you know when to stop
INFO:08/12/2021 08:29:39 AM Session time limit NOT reached, current duration = 0, session limit = 1.
INFO:08/12/2021 08:29:40 AM Session time limit NOT reached, current duration = 0, session limit = 1.
INFO:08/12/2021 08:29:41 AM Session time limit NOT reached, current duration = 0, session limit = 1.
INFO:08/12/2021 08:29:42 AM Session time limit NOT reached, current duration = 0, session limit = 1.
INFO:08/12/2021 08:29:43 AM Session time limit NOT reached, current duration = 0, session limit = 1.
INFO:08/12/2021 08:29:44 AM Session time limit NOT reached, current duration = 0, session limit = 1.
INFO:08/12/2021 08:29:46 AM Session time limit NOT reached, current duration = 0, session limit = 1.
INFO:08/12/2021 08:29:47 AM Session time limit NOT reached, current duration = 0, session limit = 1.
INFO:08/12/2021 08:29:48 AM Session time limit NOT reached, current duration = 0, session limit = 1.
INFO:08/12/2021 08:29:49 AM Session time limit NOT reached, current duration = 0, session limit = 1.
INFO:08/12/2021 08:29:50 AM Session time limit NOT reached, current duration = 0, session limit = 1.
INFO:08/12/2021 08:29:50 AM Received data from app: {'goal_level': '5', 'score': '0.99209523', 'performance': 'Over'}
INFO:08/12/2021 08:29:50 AM 192.168.1.24 - - [12/Aug/2021 08:29:50] "[37mPOST /cue HTTP/1.1[0m" 200 -
INFO:08/12/2021 08:29:51 AM Session time limit NOT reached, current duration = 0, session limit = 1.
INFO:08/12/2021 08:29:51 AM Received data from app: {'goal_level': '5', 'score': '0.7747134', 'performance': 'Good!'}
INFO:08/12/2021 08:29:51 AM 192.168.1.24 - - [12/Aug/2021 08:29:51] "[37mPOST /cue HTTP/1.1[0m" 200 -
INFO:08/12/2021 08:29:52 AM Session time limit NOT reached, current duration = 0, session limit = 1.
INFO:08/12/2021 08:29:52 AM Received data from app: {'goal_level': '5', 'score': '0.7351894', 'performance': 'Under'}
INFO:08/12/2021 08:29:52 AM 192.168.1.24 - - [12/Aug/2021 08:29:52] "[37mPOST /cue HTTP/1.1[0m" 200 -
INFO:08/12/2021 08:29:53 AM Session time limit NOT reached, current duration = 0, session limit = 1.
INFO:08/12/2021 08:29:54 AM Session time limit NOT reached, current duration = 0, session limit = 1.
INFO:08/12/2021 08:29:54 AM Received data from app: {'goal_level': '5', 'score': '0.7391418', 'performance': 'Under'}
INFO:08/12/2021 08:29:54 AM 192.168.1.24 - - [12/Aug/2021 08:29:54] "[37mPOST /cue HTTP/1.1[0m" 200 -
INFO:08/12/2021 08:29:55 AM Session time limit NOT reached, current duration = 0, session limit = 1.
INFO:08/12/2021 08:29:56 AM Received data from app: {'goal_level': '5', 'score': '0.8774757', 'performance': 'Good!'}
INFO:08/12/2021 08:29:56 AM 192.168.1.24 - - [12/Aug/2021 08:29:56] "[37mPOST /cue HTTP/1.1[0m" 200 -
INFO:08/12/2021 08:29:56 AM Session time limit NOT reached, current duration = 0, session limit = 1.
INFO:08/12/2021 08:29:57 AM Session time limit NOT reached, current duration = 0, session limit = 1.
INFO:08/12/2021 08:29:58 AM Received data from app: {'goal_level': '5', 'score': '0.9051425', 'performance': 'Good!'}
INFO:08/12/2021 08:29:58 AM 192.168.1.24 - - [12/Aug/2021 08:29:58] "[37mPOST /cue HTTP/1.1[0m" 200 -
INFO:08/12/2021 08:29:58 AM Session time limit NOT reached, current duration = 0, session limit = 1.
INFO:08/12/2021 08:29:59 AM Received data from app: {'goal_level': '5', 'score': '0.6521891', 'performance': 'Under'}
INFO:08/12/2021 08:29:59 AM 192.168.1.24 - - [12/Aug/2021 08:29:59] "[37mPOST /cue HTTP/1.1[0m" 200 -
INFO:08/12/2021 08:29:59 AM Session time limit NOT reached, current duration = 0, session limit = 1.
INFO:08/12/2021 08:30:00 AM Session time limit NOT reached, current duration = 0, session limit = 1.
INFO:08/12/2021 08:30:01 AM Received data from app: {'goal_level': '5', 'score': '1.0', 'performance': 'Over'}
INFO:08/12/2021 08:30:01 AM 192.168.1.24 - - [12/Aug/2021 08:30:01] "[37mPOST /cue HTTP/1.1[0m" 200 -
INFO:08/12/2021 08:30:01 AM Session time limit NOT reached, current duration = 0, session limit = 1.
INFO:08/12/2021 08:30:02 AM Session time limit NOT reached, current duration = 0, session limit = 1.
INFO:08/12/2021 08:30:02 AM Received data from app: {'goal_level': '5', 'score': '0.8419041', 'performance': 'Good!'}
INFO:08/12/2021 08:30:02 AM 192.168.1.24 - - [12/Aug/2021 08:30:02] "[37mPOST /cue HTTP/1.1[0m" 200 -
INFO:08/12/2021 08:30:03 AM Session time limit NOT reached, current duration = 0, session limit = 1.
INFO:08/12/2021 08:30:04 AM Received data from app: {'goal_level': '5', 'score': '0.93280923', 'performance': 'Good!'}
INFO:08/12/2021 08:30:04 AM 192.168.1.24 - - [12/Aug/2021 08:30:04] "[37mPOST /cue HTTP/1.1[0m" 200 -
INFO:08/12/2021 08:30:04 AM Session time limit NOT reached, current duration = 0, session limit = 1.
INFO:08/12/2021 08:30:05 AM Session time limit NOT reached, current duration = 0, session limit = 1.
INFO:08/12/2021 08:30:06 AM Received data from app: {'goal_level': '5', 'score': '0.91699964', 'performance': 'Good!'}
INFO:08/12/2021 08:30:06 AM 192.168.1.24 - - [12/Aug/2021 08:30:06] "[37mPOST /cue HTTP/1.1[0m" 200 -
INFO:08/12/2021 08:30:06 AM Session time limit NOT reached, current duration = 0, session limit = 1.
INFO:08/12/2021 08:30:07 AM Received data from app: {'goal_level': '5', 'score': '0.91304725', 'performance': 'Good!'}
INFO:08/12/2021 08:30:07 AM 192.168.1.24 - - [12/Aug/2021 08:30:07] "[37mPOST /cue HTTP/1.1[0m" 200 -
INFO:08/12/2021 08:30:07 AM Session time limit NOT reached, current duration = 0, session limit = 1.
INFO:08/12/2021 08:30:08 AM Session time limit NOT reached, current duration = 0, session limit = 1.
INFO:08/12/2021 08:30:09 AM Received data from app: {'goal_level': '5', 'score': '1.0', 'performance': 'Over'}
INFO:08/12/2021 08:30:09 AM 192.168.1.24 - - [12/Aug/2021 08:30:09] "[37mPOST /cue HTTP/1.1[0m" 200 -
INFO:08/12/2021 08:30:10 AM Session time limit NOT reached, current duration = 0, session limit = 1.
INFO:08/12/2021 08:30:10 AM Received data from app: {'goal_level': '5', 'score': '0.33994964', 'performance': 'Very Low'}
INFO:08/12/2021 08:30:10 AM 192.168.1.24 - - [12/Aug/2021 08:30:10] "[37mPOST /cue HTTP/1.1[0m" 200 -
INFO:08/12/2021 08:30:11 AM Session time limit NOT reached, current duration = 0, session limit = 1.
INFO:08/12/2021 08:30:12 AM Session time limit NOT reached, current duration = 0, session limit = 1.
INFO:08/12/2021 08:30:13 AM Session time limit NOT reached, current duration = 0, session limit = 1.
INFO:08/12/2021 08:30:14 AM Received data from app: {'goal_level': '5', 'score': '1.0', 'performance': 'Over'}
INFO:08/12/2021 08:30:14 AM 192.168.1.24 - - [12/Aug/2021 08:30:14] "[37mPOST /cue HTTP/1.1[0m" 200 -
INFO:08/12/2021 08:30:14 AM Session time limit NOT reached, current duration = 0, session limit = 1.
INFO:08/12/2021 08:30:15 AM Session time limit NOT reached, current duration = 0, session limit = 1.
INFO:08/12/2021 08:30:15 AM Received data from app: {'goal_level': '5', 'score': '0.8656185', 'performance': 'Good!'}
INFO:08/12/2021 08:30:15 AM 192.168.1.24 - - [12/Aug/2021 08:30:15] "[37mPOST /cue HTTP/1.1[0m" 200 -
INFO:08/12/2021 08:30:16 AM Session time limit NOT reached, current duration = 0, session limit = 1.
INFO:08/12/2021 08:30:17 AM Received data from app: {'goal_level': '5', 'score': '0.5968555', 'performance': 'Low'}
INFO:08/12/2021 08:30:17 AM 192.168.1.24 - - [12/Aug/2021 08:30:17] "[37mPOST /cue HTTP/1.1[0m" 200 -
INFO:08/12/2021 08:30:17 AM Session time limit NOT reached, current duration = 0, session limit = 1.
INFO:08/12/2021 08:30:18 AM Session time limit NOT reached, current duration = 0, session limit = 1.
INFO:08/12/2021 08:30:18 AM Received data from app: {'goal_level': '5', 'score': '0.7272846', 'performance': 'Under'}
INFO:08/12/2021 08:30:18 AM 192.168.1.24 - - [12/Aug/2021 08:30:18] "[37mPOST /cue HTTP/1.1[0m" 200 -
INFO:08/12/2021 08:30:19 AM Session time limit NOT reached, current duration = 0, session limit = 1.
INFO:08/12/2021 08:30:19 AM Received data from app: {'goal_level': '5', 'score': '0.46247396', 'performance': 'Low'}
INFO:08/12/2021 08:30:19 AM 192.168.1.24 - - [12/Aug/2021 08:30:19] "[37mPOST /cue HTTP/1.1[0m" 200 -
INFO:08/12/2021 08:30:20 AM Session time limit NOT reached, current duration = 0, session limit = 1.
INFO:08/12/2021 08:30:21 AM Session time limit NOT reached, current duration = 0, session limit = 1.
INFO:08/12/2021 08:30:21 AM Received data from app: {'goal_level': '5', 'score': '0.6521891', 'performance': 'Under'}
INFO:08/12/2021 08:30:21 AM 192.168.1.24 - - [12/Aug/2021 08:30:21] "[37mPOST /cue HTTP/1.1[0m" 200 -
INFO:08/12/2021 08:30:22 AM Session time limit NOT reached, current duration = 0, session limit = 1.
INFO:08/12/2021 08:30:23 AM Received data from app: {'goal_level': '5', 'score': '0.9525712', 'performance': 'Over'}
INFO:08/12/2021 08:30:23 AM 192.168.1.24 - - [12/Aug/2021 08:30:23] "[37mPOST /cue HTTP/1.1[0m" 200 -
INFO:08/12/2021 08:30:23 AM Session time limit NOT reached, current duration = 0, session limit = 1.
INFO:08/12/2021 08:30:24 AM Session time limit NOT reached, current duration = 0, session limit = 1.
INFO:08/12/2021 08:30:24 AM Received data from app: {'goal_level': '5', 'score': '0.91304725', 'performance': 'Good!'}
INFO:08/12/2021 08:30:24 AM 192.168.1.24 - - [12/Aug/2021 08:30:24] "[37mPOST /cue HTTP/1.1[0m" 200 -
INFO:08/12/2021 08:30:25 AM Session time limit NOT reached, current duration = 0, session limit = 1.
INFO:08/12/2021 08:30:26 AM Received data from app: {'goal_level': '5', 'score': '0.90909487', 'performance': 'Good!'}
INFO:08/12/2021 08:30:26 AM 192.168.1.24 - - [12/Aug/2021 08:30:26] "[37mPOST /cue HTTP/1.1[0m" 200 -
INFO:08/12/2021 08:30:26 AM Session time limit NOT reached, current duration = 0, session limit = 1.
INFO:08/12/2021 08:30:27 AM Session time limit NOT reached, current duration = 0, session limit = 1.
INFO:08/12/2021 08:30:28 AM Received data from app: {'goal_level': '5', 'score': '0.84980893', 'performance': 'Good!'}
INFO:08/12/2021 08:30:28 AM 192.168.1.24 - - [12/Aug/2021 08:30:28] "[37mPOST /cue HTTP/1.1[0m" 200 -
INFO:08/12/2021 08:30:28 AM Session time limit NOT reached, current duration = 0, session limit = 1.
INFO:08/12/2021 08:30:29 AM Session time limit NOT reached, current duration = 0, session limit = 1.
INFO:08/12/2021 08:30:30 AM Session time limit NOT reached, current duration = 0, session limit = 1.
INFO:08/12/2021 08:30:31 AM Session time limit NOT reached, current duration = 0, session limit = 1.
INFO:08/12/2021 08:30:32 AM Session time limit NOT reached, current duration = 0, session limit = 1.
INFO:08/12/2021 08:30:33 AM Session time limit NOT reached, current duration = 0, session limit = 1.
INFO:08/12/2021 08:30:35 AM Session time limit NOT reached, current duration = 0, session limit = 1.
INFO:08/12/2021 08:30:36 AM Session time limit NOT reached, current duration = 0, session limit = 1.
INFO:08/12/2021 08:30:36 AM Received data from app: {'goal_level': '5', 'score': '0.8616661', 'performance': 'Good!'}
INFO:08/12/2021 08:30:36 AM 192.168.1.24 - - [12/Aug/2021 08:30:36] "[37mPOST /cue HTTP/1.1[0m" 200 -
INFO:08/12/2021 08:30:37 AM Session time limit NOT reached, current duration = 0, session limit = 1.
INFO:08/12/2021 08:30:37 AM Received data from app: {'goal_level': '5', 'score': '0.9011901', 'performance': 'Good!'}
INFO:08/12/2021 08:30:37 AM 192.168.1.24 - - [12/Aug/2021 08:30:37] "[37mPOST /cue HTTP/1.1[0m" 200 -
INFO:08/12/2021 08:30:38 AM Session time limit NOT reached, current duration = 0, session limit = 1.
INFO:08/12/2021 08:30:39 AM Session time limit NOT reached, current duration = 0, session limit = 1.
INFO:08/12/2021 08:30:39 AM Received data from app: {'goal_level': '5', 'score': '0.95652366', 'performance': 'Over'}
INFO:08/12/2021 08:30:39 AM 192.168.1.24 - - [12/Aug/2021 08:30:39] "[37mPOST /cue HTTP/1.1[0m" 200 -
INFO:08/12/2021 08:30:40 AM Session time limit NOT reached, current duration = 0, session limit = 1.
INFO:08/12/2021 08:30:41 AM Session time limit NOT reached, current duration = 0, session limit = 1.
INFO:08/12/2021 08:30:41 AM Received data from app: {'goal_level': '5', 'score': '0.93280923', 'performance': 'Good!'}
INFO:08/12/2021 08:30:41 AM 192.168.1.24 - - [12/Aug/2021 08:30:41] "[37mPOST /cue HTTP/1.1[0m" 200 -
INFO:08/12/2021 08:30:42 AM Session time limit NOT reached, current duration = 0, session limit = 1.
INFO:08/12/2021 08:30:43 AM Received data from app: {'goal_level': '5', 'score': '0.14232978', 'performance': 'Very Low'}
INFO:08/12/2021 08:30:43 AM 192.168.1.24 - - [12/Aug/2021 08:30:43] "[37mPOST /cue HTTP/1.1[0m" 200 -
INFO:08/12/2021 08:30:43 AM Session time limit NOT reached, current duration = 0, session limit = 1.
INFO:08/12/2021 08:30:44 AM Session time limit NOT reached, current duration = 0, session limit = 1.
INFO:08/12/2021 08:30:44 AM Received data from app: {'goal_level': '5', 'score': '0.91304725', 'performance': 'Good!'}
INFO:08/12/2021 08:30:44 AM 192.168.1.24 - - [12/Aug/2021 08:30:44] "[37mPOST /cue HTTP/1.1[0m" 200 -
INFO:08/12/2021 08:30:44 AM Received data from app: {'goal_level': '4', 'score': '89%', 'performance': '', 'tgtValue': '84%'}
INFO:08/12/2021 08:30:44 AM 192.168.1.24 - - [12/Aug/2021 08:30:44] "[37mPOST /cue HTTP/1.1[0m" 200 -
INFO:08/12/2021 08:30:44 AM Received data from app: {'goal_level': '3', 'stat': 'Racket prep', 'performance': 'REGRESSED', 'tgtValue': '0.6965619'}
INFO:08/12/2021 08:30:45 AM Session time limit NOT reached, current duration = 0, session limit = 1.
INFO:08/12/2021 08:30:45 AM Stopping set: That's 30, you can stop there.
INFO:08/12/2021 08:30:47 AM Shot set completed.
INFO:08/12/2021 08:30:47 AM Ended subgoal 6. New goal level = 3.
INFO:08/12/2021 08:30:47 AM Created subgoal, new goal level = 3
INFO:08/12/2021 08:30:47 AM 192.168.1.24 - - [12/Aug/2021 08:30:47] "[37mPOST /cue HTTP/1.1[0m" 200 -
INFO:08/12/2021 08:30:48 AM Received data from app: {'goal_level': '4'}
